<?xml version="1.0" encoding="utf-8"?><testsuites name="pytest tests"><testsuite name="pytest" errors="0" failures="0" skipped="0" tests="18" time="4.515" timestamp="2026-04-24T14:21:50.032893+00:00" hostname="agent-env-07f323ca-9043-4282-ac6f-981e01f05df4"><testcase classname="backend.tests.test_community.TestAuthRole" name="test_admin_login_returns_role" time="0.399" /><testcase classname="backend.tests.test_community.TestAuthRole" name="test_register_returns_role_user" time="0.338" /><testcase classname="backend.tests.test_community.TestAuthRole" name="test_me_returns_role" time="0.126" /><testcase classname="backend.tests.test_community.TestCommunityFlow" name="test_author_creates_private_card" time="0.533" /><testcase classname="backend.tests.test_community.TestCommunityFlow" name="test_author_requests_publish_via_put" time="0.161" /><testcase classname="backend.tests.test_community.TestCommunityFlow" name="test_community_cards_hides_pending" time="0.535" /><testcase classname="backend.tests.test_community.TestCommunityFlow" name="test_pending_cards_forbidden_for_non_admin" time="0.113" /><testcase classname="backend.tests.test_community.TestCommunityFlow" name="test_pending_cards_requires_auth" time="0.108" /><testcase classname="backend.tests.test_community.TestCommunityFlow" name="test_admin_sees_pending_card" time="0.153" /><testcase classname="backend.tests.test_community.TestCommunityFlow" name="test_clone_non_approved_fails" time="0.120" /><testcase classname="backend.tests.test_community.TestCommunityFlow" name="test_approve_forbidden_for_non_admin" time="0.212" /><testcase classname="backend.tests.test_community.TestCommunityFlow" name="test_admin_approves_card" time="0.274" /><testcase classname="backend.tests.test_community.TestCommunityFlow" name="test_community_lists_approved_with_owner_name" time="0.148" /><testcase classname="backend.tests.test_community.TestCommunityFlow" name="test_owner_cannot_clone_own_card" time="0.139" /><testcase classname="backend.tests.test_community.TestCommunityFlow" name="test_viewer_clones_approved_card" time="0.227" /><testcase classname="backend.tests.test_community.TestCommunityFlow" name="test_reject_flow" time="0.530" /><testcase classname="backend.tests.test_community.TestCommunityFlow" name="test_approve_nonexistent_or_non_pending_404" time="0.107" /><testcase classname="backend.tests.test_community.TestCommunityFlow" name="test_cleanup" time="0.207" /></testsuite></testsuites>