<?xml version="1.0" encoding="utf-8"?><testsuites name="pytest tests"><testsuite name="pytest" errors="0" failures="0" skipped="0" tests="15" time="6.360" timestamp="2026-04-24T14:03:59.374111+00:00" hostname="agent-env-07f323ca-9043-4282-ac6f-981e01f05df4"><testcase classname="backend.tests.backend_test.TestAuth" name="test_register_new_user" time="0.430" /><testcase classname="backend.tests.backend_test.TestAuth" name="test_admin_login" time="0.409" /><testcase classname="backend.tests.backend_test.TestAuth" name="test_login_invalid" time="0.370" /><testcase classname="backend.tests.backend_test.TestAuth" name="test_me_requires_auth" time="0.189" /><testcase classname="backend.tests.backend_test.TestAuth" name="test_me_with_bearer" time="0.119" /><testcase classname="backend.tests.backend_test.TestNatures" name="test_get_natures" time="0.148" /><testcase classname="backend.tests.backend_test.TestCards" name="test_create_card_requires_auth" time="0.122" /><testcase classname="backend.tests.backend_test.TestCards" name="test_card_crud" time="0.931" /><testcase classname="backend.tests.backend_test.TestCards" name="test_card_validation" time="0.499" /><testcase classname="backend.tests.backend_test.TestCards" name="test_user_isolation" time="0.739" /><testcase classname="backend.tests.backend_test.TestDecks" name="test_deck_full_flow" time="1.393" /><testcase classname="backend.tests.backend_test.TestDecks" name="test_deck_requires_auth" time="0.118" /><testcase classname="backend.tests.backend_test.TestUpload" name="test_upload_requires_auth" time="0.126" /><testcase classname="backend.tests.backend_test.TestUpload" name="test_upload_bad_format" time="0.128" /><testcase classname="backend.tests.backend_test.TestUpload" name="test_upload_image" time="0.560" /></testsuite></testsuites>